<?xml version="1.0" encoding="UTF-8"?>
<testsuite xmlns:xsi="http://www.w3.org/2001/XMLSchema-instance" xsi:noNamespaceSchemaLocation="https://maven.apache.org/surefire/maven-surefire-plugin/xsd/surefire-test-report-3.0.xsd" version="3.0" name="TestSuite" time="135.261" tests="8" errors="0" skipped="0" failures="0">
  <properties>
[...]
</properties>
  <testcase name="runScenario[&quot;Launch AUT url&quot;, &quot;Draw flowchart scenarios&quot;](1)" classname="aut.runner.runnerTest" time="24.857">
    <system-out><![CDATA[Browser launch
]]></system-out>
    <system-err><![CDATA[2259 [main] INFO io.github.bonigarcia.wdm.WebDriverManager - Using chromedriver 120.0.6099.109 (resolved driver for Chrome 120)
2286 [main] INFO io.github.bonigarcia.wdm.WebDriverManager - Exporting webdriver.chrome.driver as C:\Users\munav\.cache\selenium\chromedriver\win64\120.0.6099.109\chromedriver.exe
]]></system-err>
  </testcase>
  <testcase name="runScenario[&quot;Create a Flowchart&quot;, &quot;Draw flowchart scenarios&quot;](2)" classname="aut.runner.runnerTest" time="29.839"/>
  <testcase name="runScenario[&quot;Update a Flowchart shape&quot;, &quot;Draw flowchart scenarios&quot;](3)" classname="aut.runner.runnerTest" time="2.609"/>
  <testcase name="runScenario[&quot;Delete a Flowchart shape&quot;, &quot;Draw flowchart scenarios&quot;](4)" classname="aut.runner.runnerTest" time="2.029"/>
  <testcase name="runScenario[&quot;Update Flowchart text&quot;, &quot;Draw flowchart scenarios&quot;](5)" classname="aut.runner.runnerTest" time="7.677"/>
  <testcase name="runScenario[&quot;Delete Flowchart text&quot;, &quot;Draw flowchart scenarios&quot;](6)" classname="aut.runner.runnerTest" time="2.575"/>
  <testcase name="runScenario[&quot;Negative validation for Shape search text field&quot;, &quot;Draw flowchart scenarios&quot;](7)" classname="aut.runner.runnerTest" time="31.38"/>
  <testcase name="runScenario[&quot;Delete Flowchart&quot;, &quot;Draw flowchart scenarios&quot;](8)" classname="aut.runner.runnerTest" time="32.39"/>
</testsuite>