<?xml version="1.0" encoding="UTF-8"?>
<testng-results ignored="0" total="8" passed="8" failed="0" skipped="0">
  <reporter-output>
  </reporter-output>
  <suite started-at="2024-01-25T19:23:17 IST" name="Suite" finished-at="2024-01-25T19:25:31 IST" duration-ms="134378">
    <groups>
      <group name="cucumber">
        <method signature="AbstractTestNGCucumberTests.runScenario(io.cucumber.testng.PickleWrapper,io.cucumber.testng.FeatureWrapper)[pri:0, instance:aut.runner.runnerTest@2a265ea9]" name="runScenario" class="io.cucumber.testng.AbstractTestNGCucumberTests"/>
      </group> <!-- cucumber -->
    </groups>
    <test started-at="2024-01-25T19:23:17 IST" name="Test" finished-at="2024-01-25T19:25:31 IST" duration-ms="134378">
      <class name="aut.runner.runnerTest">
        <test-method is-config="true" signature="setUpClass(org.testng.ITestContext)[pri:0, instance:aut.runner.runnerTest@2a265ea9]" started-at="2024-01-25T19:23:17 IST" name="setUpClass" finished-at="2024-01-25T19:23:18 IST" duration-ms="843" status="PASS">
          <params>
            <param index="0">
              <value>
                <![CDATA[org.testng.TestRunner@643ecfef]]>
              </value>
            </param>
          </params>
          <reporter-output>
          </reporter-output>
        </test-method> <!-- setUpClass -->
        <test-method signature="runScenario(io.cucumber.testng.PickleWrapper,io.cucumber.testng.FeatureWrapper)[pri:0, instance:aut.runner.runnerTest@2a265ea9]" started-at="2024-01-25T19:23:18 IST" name="runScenario" description="Runs Cucumber Scenarios" data-provider="scenarios" finished-at="2024-01-25T19:23:43 IST" duration-ms="24854" status="PASS">
          <params>
            <param index="0">
              <value>
                <![CDATA["Launch AUT url"]]>
              </value>
            </param>
            <param index="1">
              <value>
                <![CDATA["Draw flowchart scenarios"]]>
              </value>
            </param>
          </params>
          <reporter-output>
          </reporter-output>
        </test-method> <!-- runScenario -->
        <test-method signature="runScenario(io.cucumber.testng.PickleWrapper,io.cucumber.testng.FeatureWrapper)[pri:0, instance:aut.runner.runnerTest@2a265ea9]" started-at="2024-01-25T19:23:43 IST" name="runScenario" description="Runs Cucumber Scenarios" data-provider="scenarios" finished-at="2024-01-25T19:24:13 IST" duration-ms="29840" status="PASS">
          <params>
            <param index="0">
              <value>
                <![CDATA["Create a Flowchart"]]>
              </value>
            </param>
            <param index="1">
              <value>
                <![CDATA["Draw flowchart scenarios"]]>
              </value>
            </param>
          </params>
          <reporter-output>
          </reporter-output>
        </test-method> <!-- runScenario -->
        <test-method signature="runScenario(io.cucumber.testng.PickleWrapper,io.cucumber.testng.FeatureWrapper)[pri:0, instance:aut.runner.runnerTest@2a265ea9]" started-at="2024-01-25T19:24:13 IST" name="runScenario" description="Runs Cucumber Scenarios" data-provider="scenarios" finished-at="2024-01-25T19:24:15 IST" duration-ms="2610" status="PASS">
          <params>
            <param index="0">
              <value>
                <![CDATA["Update a Flowchart shape"]]>
              </value>
            </param>
            <param index="1">
              <value>
                <![CDATA["Draw flowchart scenarios"]]>
              </value>
            </param>
          </params>
          <reporter-output>
          </reporter-output>
        </test-method> <!-- runScenario -->
        <test-method signature="runScenario(io.cucumber.testng.PickleWrapper,io.cucumber.testng.FeatureWrapper)[pri:0, instance:aut.runner.runnerTest@2a265ea9]" started-at="2024-01-25T19:24:15 IST" name="runScenario" description="Runs Cucumber Scenarios" data-provider="scenarios" finished-at="2024-01-25T19:24:17 IST" duration-ms="2029" status="PASS">
          <params>
            <param index="0">
              <value>
                <![CDATA["Delete a Flowchart shape"]]>
              </value>
            </param>
            <param index="1">
              <value>
                <![CDATA["Draw flowchart scenarios"]]>
              </value>
            </param>
          </params>
          <reporter-output>
          </reporter-output>
        </test-method> <!-- runScenario -->
        <test-method signature="runScenario(io.cucumber.testng.PickleWrapper,io.cucumber.testng.FeatureWrapper)[pri:0, instance:aut.runner.runnerTest@2a265ea9]" started-at="2024-01-25T19:24:17 IST" name="runScenario" description="Runs Cucumber Scenarios" data-provider="scenarios" finished-at="2024-01-25T19:24:25 IST" duration-ms="7676" status="PASS">
          <params>
            <param index="0">
              <value>
                <![CDATA["Update Flowchart text"]]>
              </value>
            </param>
            <param index="1">
              <value>
                <![CDATA["Draw flowchart scenarios"]]>
              </value>
            </param>
          </params>
          <reporter-output>
          </reporter-output>
        </test-method> <!-- runScenario -->
        <test-method signature="runScenario(io.cucumber.testng.PickleWrapper,io.cucumber.testng.FeatureWrapper)[pri:0, instance:aut.runner.runnerTest@2a265ea9]" started-at="2024-01-25T19:24:25 IST" name="runScenario" description="Runs Cucumber Scenarios" data-provider="scenarios" finished-at="2024-01-25T19:24:28 IST" duration-ms="2576" status="PASS">
          <params>
            <param index="0">
              <value>
                <![CDATA["Delete Flowchart text"]]>
              </value>
            </param>
            <param index="1">
              <value>
                <![CDATA["Draw flowchart scenarios"]]>
              </value>
            </param>
          </params>
          <reporter-output>
          </reporter-output>
        </test-method> <!-- runScenario -->
        <test-method signature="runScenario(io.cucumber.testng.PickleWrapper,io.cucumber.testng.FeatureWrapper)[pri:0, instance:aut.runner.runnerTest@2a265ea9]" started-at="2024-01-25T19:24:28 IST" name="runScenario" description="Runs Cucumber Scenarios" data-provider="scenarios" finished-at="2024-01-25T19:24:59 IST" duration-ms="31380" status="PASS">
          <params>
            <param index="0">
              <value>
                <![CDATA["Negative validation for Shape search text field"]]>
              </value>
            </param>
            <param index="1">
              <value>
                <![CDATA["Draw flowchart scenarios"]]>
              </value>
            </param>
          </params>
          <reporter-output>
          </reporter-output>
        </test-method> <!-- runScenario -->
        <test-method signature="runScenario(io.cucumber.testng.PickleWrapper,io.cucumber.testng.FeatureWrapper)[pri:0, instance:aut.runner.runnerTest@2a265ea9]" started-at="2024-01-25T19:24:59 IST" name="runScenario" description="Runs Cucumber Scenarios" data-provider="scenarios" finished-at="2024-01-25T19:25:31 IST" duration-ms="32390" status="PASS">
          <params>
            <param index="0">
              <value>
                <![CDATA["Delete Flowchart"]]>
              </value>
            </param>
            <param index="1">
              <value>
                <![CDATA["Draw flowchart scenarios"]]>
              </value>
            </param>
          </params>
          <reporter-output>
          </reporter-output>
        </test-method> <!-- runScenario -->
        <test-method is-config="true" signature="tearDownClass()[pri:0, instance:aut.runner.runnerTest@2a265ea9]" started-at="2024-01-25T19:25:31 IST" name="tearDownClass" finished-at="2024-01-25T19:25:31 IST" duration-ms="106" status="PASS">
          <reporter-output>
          </reporter-output>
        </test-method> <!-- tearDownClass -->
      </class> <!-- aut.runner.runnerTest -->
    </test> <!-- Test -->
  </suite> <!-- Suite -->
</testng-results>
